Server listening at http://localhost:3001
Client 48091c7f-1163-435f-a85a-57058d943189 connected
Client d81e759a-b6b5-440a-b703-5cdaf300afbc connected
Client 48091c7f-1163-435f-a85a-57058d943189 disconnected
Client d81e759a-b6b5-440a-b703-5cdaf300afbc disconnected
Client 8b2ddc4a-96aa-476b-8056-cbe9930fd46d connected
Client 8b2ddc4a-96aa-476b-8056-cbe9930fd46d disconnected
Client b24f89f1-cf0c-426f-8bfe-06d33b67fc67 connected
Client b24f89f1-cf0c-426f-8bfe-06d33b67fc67 disconnected
Client fd3ef0fb-4716-439a-87f1-425b52da7235 connected
Client fd3ef0fb-4716-439a-87f1-425b52da7235 disconnected
Client 1703827d-6413-4b55-aca6-c33447192b8a connected
Client 1703827d-6413-4b55-aca6-c33447192b8a disconnected
Client bf977caa-c444-40e5-b56e-5b95854ccbc9 connected
Client bf977caa-c444-40e5-b56e-5b95854ccbc9 disconnected
Client d16560c1-4cb7-47a1-b8a9-de47ee638cb2 connected
Client d16560c1-4cb7-47a1-b8a9-de47ee638cb2 disconnected
Client 8338600e-8efa-4cf3-9c70-82bfd00dd6a6 connected
Client 8338600e-8efa-4cf3-9c70-82bfd00dd6a6 disconnected
Client 300f1eb7-8487-4cb7-bd2f-6719ca4701e7 connected
Client 300f1eb7-8487-4cb7-bd2f-6719ca4701e7 disconnected
Client c8e77a40-91ff-4d31-98ee-47e1d9a74677 connected
Client c8e77a40-91ff-4d31-98ee-47e1d9a74677 disconnected
Client ce48166e-7a63-4bcc-b7af-501d14b5c042 connected
Client 8ed739d4-9541-4ba0-a262-a35a8f34feec connected
Client ce48166e-7a63-4bcc-b7af-501d14b5c042 disconnected
Client 2fbda251-101a-49ec-abb2-a3a9f78d6083 connected
Client 8ed739d4-9541-4ba0-a262-a35a8f34feec disconnected
Client 2fbda251-101a-49ec-abb2-a3a9f78d6083 disconnected
Client e0414847-3e5e-42af-a03b-29cf7564cec4 connected
Client 69c1b2fc-85b5-4908-bba0-db99c6715d9a connected
Client e0414847-3e5e-42af-a03b-29cf7564cec4 disconnected
Client 86dea657-1d50-4b45-a4f9-582522c4667f connected
Client 69c1b2fc-85b5-4908-bba0-db99c6715d9a disconnected
Client 86dea657-1d50-4b45-a4f9-582522c4667f disconnected
Client 4e1641fe-d84f-4361-8bf1-0661de4cdf20 connected
Client 4e1641fe-d84f-4361-8bf1-0661de4cdf20 disconnected
Client 1911d7c7-5990-40bb-ade0-56de175532cb connected
Client 212ab6bd-09f8-4076-a1b8-fe8e2b0b5f5a connected
Client 1911d7c7-5990-40bb-ade0-56de175532cb disconnected
Client 212ab6bd-09f8-4076-a1b8-fe8e2b0b5f5a disconnected
Client 81a85cc5-e6d6-4e3c-b4ea-cc3592e758f1 connected
Client 57210d20-b60b-4870-8e50-1eb42b87ec73 connected
Client 57210d20-b60b-4870-8e50-1eb42b87ec73 disconnected
Client 81a85cc5-e6d6-4e3c-b4ea-cc3592e758f1 disconnected
Client 095b622a-c17c-4a88-9bae-e788c882ddc7 connected
Client 56bfcf3c-3ca1-4e3b-b41a-24014cf362f0 connected
Client 095b622a-c17c-4a88-9bae-e788c882ddc7 disconnected
Client 56bfcf3c-3ca1-4e3b-b41a-24014cf362f0 disconnected
Client 594b2b51-42dc-4c8e-a519-4e8570d01a3d connected
Client cf85dbfe-21d8-4b66-9559-5adc8e9c73f0 connected
Client cf85dbfe-21d8-4b66-9559-5adc8e9c73f0 disconnected
Client 594b2b51-42dc-4c8e-a519-4e8570d01a3d disconnected
Client 5e6bad7c-4b03-459a-b7d6-c78830025c89 connected
Client 683f4b79-0973-44b6-97a0-60022b09fe46 connected
Client 683f4b79-0973-44b6-97a0-60022b09fe46 disconnected
Client 5e6bad7c-4b03-459a-b7d6-c78830025c89 disconnected
Client 7d58485a-9e85-40c7-bd69-d150d0d7668b connected
Client f48b2ec2-6edd-498e-b2eb-9c9686a8fc02 connected
Client 7d58485a-9e85-40c7-bd69-d150d0d7668b disconnected
Client f48b2ec2-6edd-498e-b2eb-9c9686a8fc02 disconnected
Client 7ee8dafb-e826-4e35-80b6-dfeb48d353dd connected
Client 6b4031ce-6bc8-480a-b357-fcc898e4fd2a connected
Client 7fce2f0d-3e88-4358-86a1-535b257f4374 connected
Client 29ca6aca-adc2-4669-8f51-267c45aff5a4 connected
Client 6b4031ce-6bc8-480a-b357-fcc898e4fd2a disconnected
Client 7ee8dafb-e826-4e35-80b6-dfeb48d353dd disconnected
Client 7fce2f0d-3e88-4358-86a1-535b257f4374 disconnected
Client 29ca6aca-adc2-4669-8f51-267c45aff5a4 disconnected
Client 089a7765-a600-4fa4-aeb0-a83a64bc841d connected
Client 9623e3cb-c7fe-4939-9a58-b53816d97207 connected
Client 9623e3cb-c7fe-4939-9a58-b53816d97207 disconnected
Client cea16b80-a51a-45cc-b56d-eb88d0109b8c connected
Client cea16b80-a51a-45cc-b56d-eb88d0109b8c disconnected
Client 48372fda-1a6b-463c-94ae-b7f473a8add3 connected
Client 089a7765-a600-4fa4-aeb0-a83a64bc841d disconnected
Client d8dbf6de-c265-42b4-a416-2191749d05cf connected
Client 48372fda-1a6b-463c-94ae-b7f473a8add3 disconnected
Client f7a02a7e-1aca-4c55-8fc3-c329be443548 connected
Client 21850914-3e8d-47b3-b50e-f1ded504e108 connected
Client d8dbf6de-c265-42b4-a416-2191749d05cf disconnected
Client f7a02a7e-1aca-4c55-8fc3-c329be443548 disconnected
Client 24512536-8f71-4b84-a0b1-32fdbdb18f4b connected
Client 21850914-3e8d-47b3-b50e-f1ded504e108 disconnected
Client c5375346-42a3-424a-b9f7-844845f03824 connected
Client 19829a4d-eb07-44d6-b5d2-9f81411c335e connected
Client c5375346-42a3-424a-b9f7-844845f03824 disconnected
Client 19829a4d-eb07-44d6-b5d2-9f81411c335e disconnected
Client 24512536-8f71-4b84-a0b1-32fdbdb18f4b disconnected
Client f9360646-042b-494f-b8be-3a670469f7ab connected
Client 080ac4d4-5e21-43b9-8729-ab256e80dbc0 connected
Client f9360646-042b-494f-b8be-3a670469f7ab disconnected
Client c0821be3-703b-4fdc-93b5-37e8a41edd13 connected
Client c0821be3-703b-4fdc-93b5-37e8a41edd13 disconnected
Client 863c73c2-75c6-4508-b93f-322224378507 connected
Client 863c73c2-75c6-4508-b93f-322224378507 disconnected
Client 080ac4d4-5e21-43b9-8729-ab256e80dbc0 disconnected
Client bae68431-7fb1-4be8-9ff6-d2f2e7ca0d0b connected
Client bae68431-7fb1-4be8-9ff6-d2f2e7ca0d0b disconnected
Client 9471a15e-2580-4c39-8229-bc69b9722b18 connected
Client 981d686c-2b02-4b02-8760-a4744b020ccb connected
Client 981d686c-2b02-4b02-8760-a4744b020ccb disconnected
Client 9471a15e-2580-4c39-8229-bc69b9722b18 disconnected
Client c594b0e5-7a4c-4f0a-bb79-48d1c7a12650 connected
Client a960881b-e1d5-49ae-b507-623d82f139ab connected
Client a960881b-e1d5-49ae-b507-623d82f139ab disconnected
Client c44ea24f-c54a-4804-8ece-4c472be3c13f connected
Client c44ea24f-c54a-4804-8ece-4c472be3c13f disconnected
Client 7b27acad-1d62-499c-9789-3f21b510029a connected
Client 7b27acad-1d62-499c-9789-3f21b510029a disconnected
Client 49d3731a-dc91-4837-b0dd-93b9bf6bfc74 connected
Client b0a20561-8a71-402d-868c-72acb1c7cfa2 connected
Client b0a20561-8a71-402d-868c-72acb1c7cfa2 disconnected
Client 49d3731a-dc91-4837-b0dd-93b9bf6bfc74 disconnected
Client f3d913c9-57cf-4cd1-962d-bd6024d88853 connected
Client a67c2ebe-fedc-406c-bf25-61775bc00f3a connected
Client a67c2ebe-fedc-406c-bf25-61775bc00f3a disconnected
Client 0f363641-0dba-4429-a906-4c95f425e306 connected
Client ad166483-c056-444c-b16b-56fcb82c0125 connected
Client ad166483-c056-444c-b16b-56fcb82c0125 disconnected
Client 0f363641-0dba-4429-a906-4c95f425e306 disconnected
Client 20088900-50ab-4ab7-a491-c6a1729605d4 connected
Client bb80c714-ee3f-4365-b441-6007f64cd2a0 connected
Client 20088900-50ab-4ab7-a491-c6a1729605d4 disconnected
Client 45fbd515-4e64-4422-8b8e-488e7693e852 connected
Client 45fbd515-4e64-4422-8b8e-488e7693e852 disconnected
Client 363746b0-9924-4a7f-9375-ee7a1f2a7b9e connected
Client 363746b0-9924-4a7f-9375-ee7a1f2a7b9e disconnected
Client dd5f833f-22f6-4615-afb0-578ecdd5fde4 connected
Client dd5f833f-22f6-4615-afb0-578ecdd5fde4 disconnected
Client 1db3d5de-5a29-40f4-8370-7eda6f7766d0 connected
Client 850608c1-f152-4758-b713-9f381ce4ebf8 connected
Client 1db3d5de-5a29-40f4-8370-7eda6f7766d0 disconnected
Client de3df532-bdd9-4539-91ea-075b61ab13a9 connected
Client 850608c1-f152-4758-b713-9f381ce4ebf8 disconnected
Client de3df532-bdd9-4539-91ea-075b61ab13a9 disconnected
Client 6fe33e43-8ef6-4f7f-a0a0-821831076df0 connected
Client acdca453-6439-48a5-b193-1692984dafcc connected
Client 6fe33e43-8ef6-4f7f-a0a0-821831076df0 disconnected
Client 2ebd3060-f8c7-4daa-983f-1095a806f7b6 connected
Client acdca453-6439-48a5-b193-1692984dafcc disconnected
Client be3e1114-0cc9-449f-8319-efc46f04a428 connected
Client 2ebd3060-f8c7-4daa-983f-1095a806f7b6 disconnected
Client 1495c251-8c88-4d7e-9f89-4fe1308d6722 connected
Client be3e1114-0cc9-449f-8319-efc46f04a428 disconnected
Client 1495c251-8c88-4d7e-9f89-4fe1308d6722 disconnected
Client cb7145eb-080b-428a-9ed2-c3dcfb64af65 connected
Client 1e0a0f82-b4c3-406c-8d81-ef3a474f154c connected
Client cb7145eb-080b-428a-9ed2-c3dcfb64af65 disconnected
Client b0dea852-8348-44ed-811a-42c7af019976 connected
Client 1e0a0f82-b4c3-406c-8d81-ef3a474f154c disconnected
Client c12954cc-61ea-4987-8b64-0acae08f7881 connected
Client b0dea852-8348-44ed-811a-42c7af019976 disconnected
Client e5fb451c-ca93-4ecc-bf31-822771ba28e8 connected
Client c12954cc-61ea-4987-8b64-0acae08f7881 disconnected
Client 92aa0759-f0d4-42b9-9867-99e6feca2951 connected
Client eb16b44d-cb47-453f-9dba-050d7dfb6607 connected
Client e5fb451c-ca93-4ecc-bf31-822771ba28e8 disconnected
Client 92aa0759-f0d4-42b9-9867-99e6feca2951 disconnected
Client f454ac12-2b74-45d4-9e2d-93cd0dd4e3dc connected
Client f454ac12-2b74-45d4-9e2d-93cd0dd4e3dc disconnected
Client eb16b44d-cb47-453f-9dba-050d7dfb6607 disconnected
Client 9dfa5442-bc97-41dc-a7c5-7ee3125c9ce6 connected
Client 978b32e6-ac82-4581-bb59-29a31a4a82b6 connected
Client 9dfa5442-bc97-41dc-a7c5-7ee3125c9ce6 disconnected
Client 86be0291-2a5d-4647-9d00-7612c3b06c63 connected
Client 978b32e6-ac82-4581-bb59-29a31a4a82b6 disconnected
Client 8aa8ae8b-17eb-44f5-bd25-63fa4d92d4aa connected
Client 8aa8ae8b-17eb-44f5-bd25-63fa4d92d4aa disconnected
Client 142c1118-fac8-481b-8771-65ec39e86b73 connected
Client 867f219f-7560-4cfe-811f-7762e6cdbbbf connected
Client 86be0291-2a5d-4647-9d00-7612c3b06c63 disconnected
Client 702b8cd1-86ed-46ea-b4bd-59d0c0eff9ad connected
Client 867f219f-7560-4cfe-811f-7762e6cdbbbf disconnected
Client 142c1118-fac8-481b-8771-65ec39e86b73 disconnected
Client 337b0f29-383c-4864-bf21-38890f3a25c7 connected
Client 337b0f29-383c-4864-bf21-38890f3a25c7 disconnected
Client 702b8cd1-86ed-46ea-b4bd-59d0c0eff9ad disconnected
Client 50b6a45b-68ff-457f-a9bd-ab5488213cdb connected
Client 18d9468f-f41d-4cf6-baca-475484981edf connected
Client 18d9468f-f41d-4cf6-baca-475484981edf disconnected
Client 50b6a45b-68ff-457f-a9bd-ab5488213cdb disconnected
Client 6c01e9b4-feb0-4e6e-93a2-e2d930621d77 connected
Client bd540557-7aed-4de9-a8eb-c3c9a8b634ce connected
Client bd540557-7aed-4de9-a8eb-c3c9a8b634ce disconnected
Client 6c01e9b4-feb0-4e6e-93a2-e2d930621d77 disconnected
Client 3a2e78c1-1a78-467e-bd2a-c9c3ab91b9cd connected
Client 6e5631fc-423c-4579-91e5-b184d01d6e58 connected
Client 6e5631fc-423c-4579-91e5-b184d01d6e58 disconnected
Client 3a2e78c1-1a78-467e-bd2a-c9c3ab91b9cd disconnected
Client c38d9f85-0c98-4f61-847c-c77c2ed20994 connected
Client c92623b5-1811-4b84-a689-a03796837c64 connected
Client c38d9f85-0c98-4f61-847c-c77c2ed20994 disconnected
Client 8a2479a8-c472-4906-be00-5875db9463b0 connected
Client 8610e6c0-9444-48f6-ad6d-60baa0b80b64 connected
Client 8a2479a8-c472-4906-be00-5875db9463b0 disconnected
Client a3eeccc5-a007-400f-bf46-12a98e42dcf7 connected
Client 8610e6c0-9444-48f6-ad6d-60baa0b80b64 disconnected
Client 5a99191d-b832-40f3-8bfc-b5da60261376 connected
Client a3eeccc5-a007-400f-bf46-12a98e42dcf7 disconnected
Client 5a99191d-b832-40f3-8bfc-b5da60261376 disconnected
Client 00b862cd-141f-4707-bab2-c07460fe3761 connected
Client c58766fa-11dd-4a69-a90f-501ec261134d connected
Client 00b862cd-141f-4707-bab2-c07460fe3761 disconnected
Client c58766fa-11dd-4a69-a90f-501ec261134d disconnected
Client 0d23d67a-4b9f-4294-b1fa-1a8a491a1c5c connected
Client 78aa0a88-80d1-40ce-ae98-9e900e8f3d3d connected
Client 0d23d67a-4b9f-4294-b1fa-1a8a491a1c5c disconnected
Client c2b40a80-1278-4181-9cd8-d98da855a7db connected
Client 78aa0a88-80d1-40ce-ae98-9e900e8f3d3d disconnected
Client 56ccb48b-8704-467a-92bb-3543d697dafb connected
Client 56ccb48b-8704-467a-92bb-3543d697dafb disconnected
Client c2b40a80-1278-4181-9cd8-d98da855a7db disconnected
Client 73b5f3e3-4044-4426-8a97-cac14760ea00 connected
Client a11d508b-806d-4861-8fa9-9a75b2b238b3 connected
Client 73b5f3e3-4044-4426-8a97-cac14760ea00 disconnected
Client 059ff400-3082-46c1-8205-5cac162ac716 connected
Client a11d508b-806d-4861-8fa9-9a75b2b238b3 disconnected
Client 24f582cb-5ca8-4e47-bd4b-779b641a670e connected
Client 8ec34c5e-824a-470c-91d2-2adbfbafbbab connected
Client 059ff400-3082-46c1-8205-5cac162ac716 disconnected
Client 24f582cb-5ca8-4e47-bd4b-779b641a670e disconnected
Client 1da5f3c8-9729-42c9-bd4a-7442ae740cd3 connected
Client 1da5f3c8-9729-42c9-bd4a-7442ae740cd3 disconnected
Client 916146cd-922b-4f4d-a815-3b6766ef1b62 connected
Client 8ec34c5e-824a-470c-91d2-2adbfbafbbab disconnected
Client 83495b8b-25e2-40d4-a960-bf9f0cf13dd8 connected
Client 9ad41c49-4766-4299-b2b5-9bb3123dd0f2 connected
Client 916146cd-922b-4f4d-a815-3b6766ef1b62 disconnected
Client 83495b8b-25e2-40d4-a960-bf9f0cf13dd8 disconnected
Client 6c6d0ad1-c329-48c2-817b-fba7def171ec connected
Client 9ad41c49-4766-4299-b2b5-9bb3123dd0f2 disconnected
Client 5afbcf39-1e6a-40a0-a8b1-6d5962e7bb24 connected
Client 6c6d0ad1-c329-48c2-817b-fba7def171ec disconnected
Client 5afbcf39-1e6a-40a0-a8b1-6d5962e7bb24 disconnected
Client 37e8f6e6-c9d1-476a-a558-5b3a432ae7ad connected
Client 96cc706d-4cbd-4885-b830-1d71f860bc49 connected
Client 37e8f6e6-c9d1-476a-a558-5b3a432ae7ad disconnected
Client 79d2d145-562d-4cc6-b9dd-970b3b30452c connected
Client 96cc706d-4cbd-4885-b830-1d71f860bc49 disconnected
Client c6e7f3df-32a4-4970-9266-b5535507e5a0 connected
Client 79d2d145-562d-4cc6-b9dd-970b3b30452c disconnected
Client c6e7f3df-32a4-4970-9266-b5535507e5a0 disconnected
Client a435c9e6-27aa-4e74-b8a4-7ca9c4118f4f connected
Client cd4cb3cf-4986-41d6-a0e9-2b7364d7c946 connected
Client a435c9e6-27aa-4e74-b8a4-7ca9c4118f4f disconnected
Client 949fdf62-7b4f-4f8e-a547-dac1a991e66a connected
Client cd4cb3cf-4986-41d6-a0e9-2b7364d7c946 disconnected
Client 949fdf62-7b4f-4f8e-a547-dac1a991e66a disconnected
Client 8c4e5727-df9c-45a8-9451-c36438fd1a43 connected
Client 8c4e5727-df9c-45a8-9451-c36438fd1a43 disconnected
Client c0faab11-d419-434e-a4dc-d49910f167c6 connected
Client e9f67ce3-b9f4-4582-9116-636689766d63 connected
Client c0faab11-d419-434e-a4dc-d49910f167c6 disconnected
Client a9491280-62f0-4091-a8de-4f11417103f7 connected
Client e9f67ce3-b9f4-4582-9116-636689766d63 disconnected
Client e7856ae1-09c6-4a73-88e4-3431366f1e7a connected
Client a9491280-62f0-4091-a8de-4f11417103f7 disconnected
Client d1e3e3ba-8b12-4a83-b418-278aa9927101 connected
Client 5935588f-258f-4c0b-88c6-091afd54707f connected
Client d1e3e3ba-8b12-4a83-b418-278aa9927101 disconnected
Client 8b8856c4-6eeb-4c9a-adf2-60750cd66601 connected
Client 8b8856c4-6eeb-4c9a-adf2-60750cd66601 disconnected
Client 5935588f-258f-4c0b-88c6-091afd54707f disconnected
Client 94f88f94-7f82-4771-8f10-e2f7baae9045 connected
Client 60321ed8-4848-49d3-888b-30daf2e250fc connected
Client 60321ed8-4848-49d3-888b-30daf2e250fc disconnected
Client 94f88f94-7f82-4771-8f10-e2f7baae9045 disconnected
Client 91ca631e-fd40-4040-81cf-806f5b9a724a connected
Client 9311100a-aa94-4435-b8b5-396d6865568b connected
Client 02c156bb-9b99-487e-bc0a-ff441ca0302b connected
Client 91ca631e-fd40-4040-81cf-806f5b9a724a disconnected
Client 9311100a-aa94-4435-b8b5-396d6865568b disconnected
Client 02c156bb-9b99-487e-bc0a-ff441ca0302b disconnected
Client ae36e6cf-c046-46a5-bb4d-12469906780f connected
Client c0523155-ad2a-4504-870d-383c94536ced connected
Client ae36e6cf-c046-46a5-bb4d-12469906780f disconnected
Client c0523155-ad2a-4504-870d-383c94536ced disconnected
Client 66a120e3-a15f-4488-a6ea-88914eedda2d connected
Client 4174e27e-7d2e-4f72-8fbc-abf447647179 connected
Client 66a120e3-a15f-4488-a6ea-88914eedda2d disconnected
Client d6c88a4e-4efd-48a0-b86c-966e3c4fc89f connected
Client d6c88a4e-4efd-48a0-b86c-966e3c4fc89f disconnected
Client 4174e27e-7d2e-4f72-8fbc-abf447647179 disconnected
Client 1a1c66da-055d-4fe7-9116-c9d6acdf1b71 connected
Client 678c5cab-f6da-4439-b03c-65ba13b68e78 connected
Client 1a1c66da-055d-4fe7-9116-c9d6acdf1b71 disconnected
Client 5a19e795-2922-43c5-a90f-004925b5bd9a connected
Client aed31854-28fe-496a-8098-faec86414ff7 connected
Client 678c5cab-f6da-4439-b03c-65ba13b68e78 disconnected
Client 5a19e795-2922-43c5-a90f-004925b5bd9a disconnected
Client 4c2b1f2e-029c-44bc-9352-0caf1960a8ff connected
Client f8945c50-054b-4d97-a7db-490768d9c768 connected
Client aed31854-28fe-496a-8098-faec86414ff7 disconnected
Client f8945c50-054b-4d97-a7db-490768d9c768 disconnected
Client 4c2b1f2e-029c-44bc-9352-0caf1960a8ff disconnected
Client e840d7b4-9fc3-4ec0-950c-d3d55bbe894b connected
Client f35f565d-dcdd-409a-9c15-798d0a3cd6fd connected
Client e840d7b4-9fc3-4ec0-950c-d3d55bbe894b disconnected
Client 2afdc629-acf4-4f56-a047-9cd3e5630f77 connected
Client f35f565d-dcdd-409a-9c15-798d0a3cd6fd disconnected
Client 2afdc629-acf4-4f56-a047-9cd3e5630f77 disconnected
Client 0d307f7b-3bd0-449b-ae71-2dd5cca295ff connected
Client 0d307f7b-3bd0-449b-ae71-2dd5cca295ff disconnected
Client 629e0a7e-d5ad-441d-9079-8d31d79e120f connected
Client 629e0a7e-d5ad-441d-9079-8d31d79e120f disconnected
Client ec984053-4bdf-42ab-8d04-210f47f18262 connected
Client a2ba58f0-2619-41b2-b5f1-795b7f441fbd connected
Client ec984053-4bdf-42ab-8d04-210f47f18262 disconnected
Client a2ba58f0-2619-41b2-b5f1-795b7f441fbd disconnected
Client d72036d9-754c-4f7e-ba94-a602a6f0f0ab connected
Client 625ad8f3-d476-4493-aaa4-2d2614826551 connected
Client 625ad8f3-d476-4493-aaa4-2d2614826551 disconnected
Client d72036d9-754c-4f7e-ba94-a602a6f0f0ab disconnected
Client 344dde65-2e75-4deb-9883-e6670a6d10c2 connected
Client 7a884a12-56f6-4853-b7dd-1035157a9c05 connected
Client 7a884a12-56f6-4853-b7dd-1035157a9c05 disconnected
Client 1f038714-1ea5-4d5b-a4d2-dff91a34fa83 connected
Client 1f038714-1ea5-4d5b-a4d2-dff91a34fa83 disconnected
Client 1e8334a2-c829-45fd-ab7c-d02e80e649ce connected
Client 344dde65-2e75-4deb-9883-e6670a6d10c2 disconnected
Client 1e8334a2-c829-45fd-ab7c-d02e80e649ce disconnected
Client cefa7602-bcdc-41bb-95e8-b4f48a624226 connected
Client 7239ad81-f30f-4b18-b89b-dd750c5a9070 connected
Client 6d0e0e0c-ea0e-4230-a843-23aa83538d15 connected
Client cefa7602-bcdc-41bb-95e8-b4f48a624226 disconnected
Client 7239ad81-f30f-4b18-b89b-dd750c5a9070 disconnected
Client f69c6372-7493-47fc-acd5-b16d31e2d4b9 connected
Client 63ea300e-6ad2-49ea-8531-5c6a65dfe339 connected
Client f69c6372-7493-47fc-acd5-b16d31e2d4b9 disconnected
Client 6d0e0e0c-ea0e-4230-a843-23aa83538d15 disconnected
Client 3fc90a1c-e4e1-4ed9-9a48-cdbb6f39a147 connected
Client 8af939a1-533c-4e9d-9741-477158ea2b40 connected
Client 272b4ad5-9735-4b51-87de-287caab5b476 connected
Client 63ea300e-6ad2-49ea-8531-5c6a65dfe339 disconnected
Client 3fc90a1c-e4e1-4ed9-9a48-cdbb6f39a147 disconnected
Client 8af939a1-533c-4e9d-9741-477158ea2b40 disconnected
Client 24b1f5df-20e1-47b6-8862-df3aa2d35753 connected
Client 272b4ad5-9735-4b51-87de-287caab5b476 disconnected
Client ac4fe1b8-9307-433e-b2a0-d2da61e31742 connected
Client 24b1f5df-20e1-47b6-8862-df3aa2d35753 disconnected
Client b6ecdf04-1d92-4b77-8a4f-4c3b7423174b connected
Client b6ecdf04-1d92-4b77-8a4f-4c3b7423174b disconnected
Client 4cb3ee2d-1da5-4f0e-8902-44378ebecd32 connected
Client ffce261f-68aa-4e0b-83cb-0d11896694e9 connected
Client ac4fe1b8-9307-433e-b2a0-d2da61e31742 disconnected
Client 4cb3ee2d-1da5-4f0e-8902-44378ebecd32 disconnected
Client 6241bd76-331a-480b-9b27-559ccddba6c0 connected
Client 79d42344-14cb-4a4b-b0de-99dfee5d60bb connected
Client ffce261f-68aa-4e0b-83cb-0d11896694e9 disconnected
Client 6241bd76-331a-480b-9b27-559ccddba6c0 disconnected
Client 940399d7-d278-4fd1-98ae-af4db371fa26 connected
Client 79d42344-14cb-4a4b-b0de-99dfee5d60bb disconnected
Client 583a7de7-d8fa-4f7c-858c-fb7b5d79f3fe connected
Client 583a7de7-d8fa-4f7c-858c-fb7b5d79f3fe disconnected
Client 940399d7-d278-4fd1-98ae-af4db371fa26 disconnected
Client 84cb6c43-4dad-4a6d-a786-b99989d52908 connected
Client c67ff817-f1f0-4718-8cfd-a0013b4c5779 connected
Client c67ff817-f1f0-4718-8cfd-a0013b4c5779 disconnected
Client 6dddb6df-92a8-41b3-beb7-fa1f6dcc4c7d connected
Client 1c865386-bb61-4467-b852-e6abe0759d68 connected
Client 8928fea2-2c97-4a08-8f8c-a7bc9f4fc989 connected
Client 1c865386-bb61-4467-b852-e6abe0759d68 disconnected
Client 84cb6c43-4dad-4a6d-a786-b99989d52908 disconnected
Client 6dddb6df-92a8-41b3-beb7-fa1f6dcc4c7d disconnected
Client bb7ef1b5-8bf2-448f-912c-edb271059452 connected
Client 8928fea2-2c97-4a08-8f8c-a7bc9f4fc989 disconnected
Client 7c87945b-75cd-4422-a1ed-2f375eb2220a connected
Client 7c87945b-75cd-4422-a1ed-2f375eb2220a disconnected
Client e052bbaa-cf5a-4f0e-848d-9cc9e32d77dd connected
Client 85d4712b-d4a9-4555-9d5d-11b98bb184ce connected
Client bb7ef1b5-8bf2-448f-912c-edb271059452 disconnected
Client e052bbaa-cf5a-4f0e-848d-9cc9e32d77dd disconnected
Client 33c31a8c-3adf-4e4a-bfce-6ca3c44c7e5e connected
Client ef393fe8-f5b0-47f9-a6d4-58f6cf6a97d6 connected
Client 85d4712b-d4a9-4555-9d5d-11b98bb184ce disconnected
Client 33c31a8c-3adf-4e4a-bfce-6ca3c44c7e5e disconnected
Client ef393fe8-f5b0-47f9-a6d4-58f6cf6a97d6 disconnected
Client 061ac23c-9ebf-4b92-b6a2-e78e1dc7f6d3 connected
Client 499613b6-9a4c-4194-839c-28318ec7b8a2 connected
Client 499613b6-9a4c-4194-839c-28318ec7b8a2 disconnected
Client 83df8a85-5195-4277-a358-bffa78e9c956 connected
Client 83df8a85-5195-4277-a358-bffa78e9c956 disconnected
Client 061ac23c-9ebf-4b92-b6a2-e78e1dc7f6d3 disconnected
Client 1edf3c0e-329b-4fd8-ad2c-720f480ee40a connected
Client 3537e173-524c-434a-bb3d-d70cbd075898 connected
Client 1edf3c0e-329b-4fd8-ad2c-720f480ee40a disconnected
Client 3537e173-524c-434a-bb3d-d70cbd075898 disconnected
Client 8cf2f9bf-930e-4dac-ba89-9bbd49f4965a connected
Client 6846803f-7c6b-4930-a766-2cf740e7a378 connected
Client 6846803f-7c6b-4930-a766-2cf740e7a378 disconnected
Client 8cf2f9bf-930e-4dac-ba89-9bbd49f4965a disconnected
Client 9b6d89d3-0243-4309-9c2a-a304921ba220 connected
Client cf6d272c-fb97-4b1a-b64d-daf875b00d6e connected
Client 9b6d89d3-0243-4309-9c2a-a304921ba220 disconnected
Client 003186a8-e899-4d13-a263-1f5eb6a577a9 connected
Client b68d0ac3-d9c8-433d-ac7b-2c0127087ad8 connected
Client 003186a8-e899-4d13-a263-1f5eb6a577a9 disconnected
Client b68d0ac3-d9c8-433d-ac7b-2c0127087ad8 disconnected
Client e6e34bc4-73d1-4640-a7a1-cd170d8cde50 connected
Client ae251d85-ee46-4bf6-a16a-cab8e6bcac5b connected
Client ae251d85-ee46-4bf6-a16a-cab8e6bcac5b disconnected
Client e6e34bc4-73d1-4640-a7a1-cd170d8cde50 disconnected
Client c5d87478-617e-4df9-81c7-3b4a732db695 connected
Client 70bab618-1469-49db-8604-db8cc0257ce8 connected
Client c5d87478-617e-4df9-81c7-3b4a732db695 disconnected
Client 70bab618-1469-49db-8604-db8cc0257ce8 disconnected
Client 85992f01-a3f4-4685-b0bd-f964f11369a9 connected
Client 1976e339-b306-4a9b-b605-604bb3502fa7 connected
Client 1976e339-b306-4a9b-b605-604bb3502fa7 disconnected
Client d1295118-1b78-478a-9834-80419e1089a7 connected
Client 85992f01-a3f4-4685-b0bd-f964f11369a9 disconnected
Client 4aeb2ab4-e709-4932-a6c5-1853ea4d984a connected
Client d1295118-1b78-478a-9834-80419e1089a7 disconnected
Client 09e931b9-80fe-40f8-908a-f7c1c4636f37 connected
Client bfc3c1f4-51a5-48ab-8d38-c6402e834449 connected
Client 4aeb2ab4-e709-4932-a6c5-1853ea4d984a disconnected
Client 09e931b9-80fe-40f8-908a-f7c1c4636f37 disconnected
Client bfc3c1f4-51a5-48ab-8d38-c6402e834449 disconnected
Client ac1a665e-a661-4fae-9247-71d674171126 connected
Client 69da08e6-54ed-471c-882f-5f7b3dbf0997 connected
Client 69da08e6-54ed-471c-882f-5f7b3dbf0997 disconnected
Client ac1a665e-a661-4fae-9247-71d674171126 disconnected
Client bbb5dd1f-6fb3-4ab5-be1a-6416491356cd connected
Client cc6949e5-5311-49dd-a8ec-a430677a5346 connected
Client bbb5dd1f-6fb3-4ab5-be1a-6416491356cd disconnected
Client 14e1f179-1ce7-4e78-adfa-05cc0e818ebc connected
Client f58f3a9f-3879-478a-9d2a-b2d8db5c7c2f connected
Client cc6949e5-5311-49dd-a8ec-a430677a5346 disconnected
Client 14e1f179-1ce7-4e78-adfa-05cc0e818ebc disconnected
Client fe49f449-e178-4cf0-998d-6dd91a0ed8c0 connected
Client f58f3a9f-3879-478a-9d2a-b2d8db5c7c2f disconnected
Client 42db93e7-e967-4e33-a9b3-d6747536c077 connected
Client fe49f449-e178-4cf0-998d-6dd91a0ed8c0 disconnected
Client 660137bc-6c04-4ddc-b49e-f230a8f967d0 connected
Client 2b24cea7-fb16-4c77-a413-28c3011deda9 connected
Client 42db93e7-e967-4e33-a9b3-d6747536c077 disconnected
Client 660137bc-6c04-4ddc-b49e-f230a8f967d0 disconnected
Client 3d11cfb5-1b59-4c6b-ac28-4bf1de877840 connected
Client 2b24cea7-fb16-4c77-a413-28c3011deda9 disconnected
Client 3d11cfb5-1b59-4c6b-ac28-4bf1de877840 disconnected
Client bf9aab68-eeb6-419a-b344-68f58990211e connected
Client 890645e9-350f-47b1-9c60-7b3b2b0ef133 connected
Client bf9aab68-eeb6-419a-b344-68f58990211e disconnected
Client cde360e7-0702-4eb8-8bf7-bf69f0902160 connected
Client 890645e9-350f-47b1-9c60-7b3b2b0ef133 disconnected
Client 990ec479-9818-42ba-9efc-deef092de044 connected
Client cde360e7-0702-4eb8-8bf7-bf69f0902160 disconnected
Client 990ec479-9818-42ba-9efc-deef092de044 disconnected
Client 596fb1d9-d527-45a8-89af-dbfda1fe0162 connected
Client 596fb1d9-d527-45a8-89af-dbfda1fe0162 disconnected
Client 26b6a10a-6d0e-458a-a06e-b062ea1cfc0f connected
Client 26b6a10a-6d0e-458a-a06e-b062ea1cfc0f disconnected
Client 504250a7-9119-4139-830e-2c1867face81 connected
Client 504250a7-9119-4139-830e-2c1867face81 disconnected
Client f09cd5c2-7612-49c7-b1c1-d8f4a441d63e connected
Client 497a69f0-1572-4d2f-93cf-46530b1c4a71 connected
Client 497a69f0-1572-4d2f-93cf-46530b1c4a71 disconnected
Client f09cd5c2-7612-49c7-b1c1-d8f4a441d63e disconnected
Client d12d02fb-bfbe-4ab1-b068-1dcab6a90d35 connected
Client 772bcdd8-6212-4321-aa2a-4d625c7255bf connected
Client 772bcdd8-6212-4321-aa2a-4d625c7255bf disconnected
Client d12d02fb-bfbe-4ab1-b068-1dcab6a90d35 disconnected
Client 6b8b016e-31f6-4f56-8785-9bb5b53c0530 connected
Client 4bb61dde-7975-4a7a-94e9-94ebe7e6730c connected
Client 6b8b016e-31f6-4f56-8785-9bb5b53c0530 disconnected
Client 4bb61dde-7975-4a7a-94e9-94ebe7e6730c disconnected
Client 48bee4ea-8dfd-45f6-aaea-92d4205c3a5b connected
Client 48bee4ea-8dfd-45f6-aaea-92d4205c3a5b disconnected
Client b15e83a4-789c-4b97-84f7-a6da78276bf0 connected
Client b15e83a4-789c-4b97-84f7-a6da78276bf0 disconnected
Client 733572b6-b1f1-463f-80e6-a0a80dec8bcc connected
Client c12202ab-5ca0-4792-a31c-78e92ef8e369 connected
Client 733572b6-b1f1-463f-80e6-a0a80dec8bcc disconnected
Client 8095e4a3-3d6e-44d5-8a3d-4d800ca34014 connected
Client 8095e4a3-3d6e-44d5-8a3d-4d800ca34014 disconnected
Client 0c268a93-6dce-4382-a54c-a9ad5f4c088d connected
Client e2058b16-0b19-4582-841a-6735e1f1c1a6 connected
Client 0c268a93-6dce-4382-a54c-a9ad5f4c088d disconnected
Client 06b95ce5-3b52-41f3-9527-b423e2711ee3 connected
Client 06b95ce5-3b52-41f3-9527-b423e2711ee3 disconnected
Client e2058b16-0b19-4582-841a-6735e1f1c1a6 disconnected
Client 85820e5d-2634-4852-8edc-2601a610cf6b connected
Client ea97b7a0-fd33-4185-b9ac-3ec388d39ca4 connected
Client 85820e5d-2634-4852-8edc-2601a610cf6b disconnected
Client 3a527b65-9258-4dd1-9950-d6c6787110b3 connected
Client bfb4df35-b6ec-46ff-9faa-91959d070053 connected
Client ea97b7a0-fd33-4185-b9ac-3ec388d39ca4 disconnected
Client 3a527b65-9258-4dd1-9950-d6c6787110b3 disconnected
Client ee7a986f-47fb-4024-8338-4526af23ae12 connected
Client ee7a986f-47fb-4024-8338-4526af23ae12 disconnected
Client bfb4df35-b6ec-46ff-9faa-91959d070053 disconnected
Client 8e19d217-9b81-49cd-8795-953b78c002cb connected
Client 8e19d217-9b81-49cd-8795-953b78c002cb disconnected
Client a13b43cf-5c63-43a0-a31a-9f2ce0801026 connected
Client 5e7220d2-55e8-4b7d-ab26-e7e4cbfefb5e connected
Client 5e7220d2-55e8-4b7d-ab26-e7e4cbfefb5e disconnected
Client a13b43cf-5c63-43a0-a31a-9f2ce0801026 disconnected
Client a3919e75-e3a5-47c2-8f73-56d9dd3671ed connected
Client 37125492-b0bf-4633-9a62-7e3d57fe0162 connected
Client a3919e75-e3a5-47c2-8f73-56d9dd3671ed disconnected
Client 71695b03-5c7a-48d8-b4ab-7cff2fd87d2b connected
Client 37125492-b0bf-4633-9a62-7e3d57fe0162 disconnected
Client b46574bb-d5b6-4464-8487-115441015562 connected
Client 71695b03-5c7a-48d8-b4ab-7cff2fd87d2b disconnected
Client b229ea47-5265-4430-a1c9-0be323ef0227 connected
Client b46574bb-d5b6-4464-8487-115441015562 disconnected
Client b229ea47-5265-4430-a1c9-0be323ef0227 disconnected
Client efb7c3af-c872-44ff-b884-203e02c126ba connected
Client 2389cacd-0293-44e7-9edf-44f5452bd15f connected
Client efb7c3af-c872-44ff-b884-203e02c126ba disconnected
Client 2389cacd-0293-44e7-9edf-44f5452bd15f disconnected
Client 6adacf83-1627-49f3-9314-e858db09d510 connected
Client 6cd77ef0-770c-431a-b18b-30d819be317f connected
Client 6cd77ef0-770c-431a-b18b-30d819be317f disconnected
Client fe5ee92a-3c62-44da-8cbd-1ec9dc082ab9 connected
Client 19eca0e5-030f-4ac3-b94a-48f41f40398b connected
Client fe5ee92a-3c62-44da-8cbd-1ec9dc082ab9 disconnected
Client acc30644-df96-451b-b726-12d77aeeb7e9 connected
Client 19eca0e5-030f-4ac3-b94a-48f41f40398b disconnected
Client b7dd984b-fc70-4e71-88e0-4ee62a60f31d connected
Client acc30644-df96-451b-b726-12d77aeeb7e9 disconnected
Client 502a5253-1a91-4edb-907a-071727a71878 connected
Client b7dd984b-fc70-4e71-88e0-4ee62a60f31d disconnected
Client 9bd0f717-cd2f-4606-80fb-8103af3e0659 connected
Client 38a4d0c4-4fb5-4876-a32a-8403be9b50ce connected
Client 502a5253-1a91-4edb-907a-071727a71878 disconnected
Client 9bd0f717-cd2f-4606-80fb-8103af3e0659 disconnected
Client ab017391-807d-46f4-b473-2d63274a7391 connected
Client ab017391-807d-46f4-b473-2d63274a7391 disconnected
Client 8f7783c1-8f81-49b6-9951-173aeea03808 connected
Client 4035e4d9-5a32-4853-92a4-3659963cface connected
Client 38a4d0c4-4fb5-4876-a32a-8403be9b50ce disconnected
Client 8f7783c1-8f81-49b6-9951-173aeea03808 disconnected
Client 3e309345-cb84-4dcb-ba9d-aac0dc471a03 connected
Client 4035e4d9-5a32-4853-92a4-3659963cface disconnected
Client 3e309345-cb84-4dcb-ba9d-aac0dc471a03 disconnected
Client a59448b8-1d3a-417e-9599-48cd9d339730 connected
Client 79a9280e-d5af-44e8-89d9-c8c7eba5664f connected
Client a59448b8-1d3a-417e-9599-48cd9d339730 disconnected
Client 79a9280e-d5af-44e8-89d9-c8c7eba5664f disconnected
Client d1b1ce69-3f7f-4f34-9f3c-5e6bc7cd5eb0 connected
Client 38178a60-582b-4643-ac1b-62fca4b7eb39 connected
Client d1b1ce69-3f7f-4f34-9f3c-5e6bc7cd5eb0 disconnected
Client 3eb51e4a-5d38-4004-a85a-73522e79fdeb connected
Client 38178a60-582b-4643-ac1b-62fca4b7eb39 disconnected
Client d511d542-f19c-4fd1-a987-fcd7558ab494 connected
Client 3eb51e4a-5d38-4004-a85a-73522e79fdeb disconnected
Client 412bd7ed-92c2-4cee-a5e6-fb7a8f9df6a8 connected
Client d511d542-f19c-4fd1-a987-fcd7558ab494 disconnected
Client 591df1b9-2dfa-4cf7-96f0-a40b64c866d3 connected
Client 591df1b9-2dfa-4cf7-96f0-a40b64c866d3 disconnected
Client 412bd7ed-92c2-4cee-a5e6-fb7a8f9df6a8 disconnected
Client 17e27d88-7af3-4c37-870e-850892277ec0 connected
Client a781728a-d00e-42ad-b292-7beee116e654 connected
Client 17e27d88-7af3-4c37-870e-850892277ec0 disconnected
Client a781728a-d00e-42ad-b292-7beee116e654 disconnected
Client 33245b0f-49e4-4c21-9cdb-d4c29ec65ace connected
Client a9f5f3d7-8877-478f-994f-b75dd300d0be connected
Client 33245b0f-49e4-4c21-9cdb-d4c29ec65ace disconnected
Client 6f997326-66d5-4b55-b589-887495d35024 connected
Client f6d970d6-78f8-4fdf-a0dc-22f4fb7b44de connected
Client 6f997326-66d5-4b55-b589-887495d35024 disconnected
Client f6d970d6-78f8-4fdf-a0dc-22f4fb7b44de disconnected
Client 463ffc43-c43a-4925-a1d0-cca00d0b0b09 connected
Client 7a5d0f32-12ef-453a-8f90-43ad31501f36 connected
Client 463ffc43-c43a-4925-a1d0-cca00d0b0b09 disconnected
Client 7a5d0f32-12ef-453a-8f90-43ad31501f36 disconnected
Client 3d875543-9577-4951-bdce-4db4dd5bf1d0 connected
Client 3d875543-9577-4951-bdce-4db4dd5bf1d0 disconnected
Client 18f2582c-9fa6-4170-99bf-b22efb6cd7fa connected
Client 8212fbba-705c-4c20-8223-510d295c70b8 connected
Client 36a5e84e-f252-4d2b-955e-34ba6002d8cd connected
Client 18f2582c-9fa6-4170-99bf-b22efb6cd7fa disconnected
Client 8212fbba-705c-4c20-8223-510d295c70b8 disconnected
Client 8abf3889-8113-4ffc-b7d3-c0f604a5fc3c connected
Client 36a5e84e-f252-4d2b-955e-34ba6002d8cd disconnected
Client ba909261-5c0b-4fb3-a76f-e1b193c3c6e6 connected
Client 8abf3889-8113-4ffc-b7d3-c0f604a5fc3c disconnected
Client 028400de-b88e-4a82-9d0c-d6e8e71b50ce connected
Client ba909261-5c0b-4fb3-a76f-e1b193c3c6e6 disconnected
Client ce105ba7-82f8-4c8e-9ae7-c3a3a23dfc6d connected
Client 028400de-b88e-4a82-9d0c-d6e8e71b50ce disconnected
Client ce105ba7-82f8-4c8e-9ae7-c3a3a23dfc6d disconnected
Client a3db8e07-583b-43e5-8515-a2894dfc40ef connected
Client a3db8e07-583b-43e5-8515-a2894dfc40ef disconnected
Client 6b348474-b557-4dc4-af41-364be468c7fa connected
Client 8ac36c26-5980-4ce0-852c-49d763a73c9e connected
Client 6b348474-b557-4dc4-af41-364be468c7fa disconnected
Client 32942112-e787-4bb9-9448-d3541ec168bd connected
Client 8ac36c26-5980-4ce0-852c-49d763a73c9e disconnected
Client 669acf9c-3c25-438b-b716-4483c0def8ac connected
Client 32942112-e787-4bb9-9448-d3541ec168bd disconnected
Client 02e0af2a-33ee-4b34-acf9-25ae40e8dd93 connected
Client 11956649-2709-438d-95be-064cd0aa8fe3 connected
Client 669acf9c-3c25-438b-b716-4483c0def8ac disconnected
Client 02e0af2a-33ee-4b34-acf9-25ae40e8dd93 disconnected
Client 0b24f65e-6fa6-4627-b8f9-14b7ef93af75 connected
Client 11956649-2709-438d-95be-064cd0aa8fe3 disconnected
Client 0b24f65e-6fa6-4627-b8f9-14b7ef93af75 disconnected
Client 5875759b-a2b9-478b-b524-9f78edaccc2e connected
Client dcd41553-3350-47e0-b490-e6711b5ad734 connected
Client 5875759b-a2b9-478b-b524-9f78edaccc2e disconnected
Client ab01ca6d-1e3b-4d81-88d5-1ceb4b3997f1 connected
Client ea792d1d-f2e4-40fa-9b85-619a225c93ae connected
Client dcd41553-3350-47e0-b490-e6711b5ad734 disconnected
Client da960ecc-3d5d-47a2-8713-6b48c992c1b0 connected
Client ab01ca6d-1e3b-4d81-88d5-1ceb4b3997f1 disconnected
Client ea792d1d-f2e4-40fa-9b85-619a225c93ae disconnected
Client f8f4cdc0-acdb-42a2-9ebf-525f2cef056e connected
Client da960ecc-3d5d-47a2-8713-6b48c992c1b0 disconnected
Client cb41b673-bd4a-4529-9a7f-75f9dd4d7305 connected
Client f8f4cdc0-acdb-42a2-9ebf-525f2cef056e disconnected
Client e65468d0-6f4d-4872-88f3-178943daa845 connected
Client cb41b673-bd4a-4529-9a7f-75f9dd4d7305 disconnected
Client 89f0f737-dd58-4aa3-a701-f3882466bbd1 connected
Client e65468d0-6f4d-4872-88f3-178943daa845 disconnected
Client 89f0f737-dd58-4aa3-a701-f3882466bbd1 disconnected
Client 41259759-ac56-42f0-a948-ea46aad614ef connected
Client d49ea57e-8dd3-4a48-b438-fb84329a6590 connected
Client 41259759-ac56-42f0-a948-ea46aad614ef disconnected
Client a127e847-c60f-476e-8139-67d01a78f178 connected
Client d49ea57e-8dd3-4a48-b438-fb84329a6590 disconnected
Client a127e847-c60f-476e-8139-67d01a78f178 disconnected
Client 7c801fa5-17be-4f9b-96ee-710016ed73ce connected
Client f2b4b1ca-4f9b-426b-874e-8d1c848eae95 connected
Client 7c801fa5-17be-4f9b-96ee-710016ed73ce disconnected
Client f432b531-794b-4ce5-b505-ccf31212e22c connected
Client f2b4b1ca-4f9b-426b-874e-8d1c848eae95 disconnected
Client 6d371eda-2518-4653-9292-7ba59e498895 connected
Client f432b531-794b-4ce5-b505-ccf31212e22c disconnected
Client 39e85b6f-7d69-4487-b2cd-1dc93aba48db connected
Client 6d371eda-2518-4653-9292-7ba59e498895 disconnected
Client 39e85b6f-7d69-4487-b2cd-1dc93aba48db disconnected
Client 343cfbe8-8cde-4713-aa7d-ef98bc66f633 connected
Client f7e8213b-9e2f-41df-9d74-7a3f96a6e8ce connected
Client f7e8213b-9e2f-41df-9d74-7a3f96a6e8ce disconnected
Client ce449b92-1cbc-43b9-aebe-2e2ad2d52101 connected
Client 0501f20f-884c-4f93-9d68-703ce1307bfa connected
Client ce449b92-1cbc-43b9-aebe-2e2ad2d52101 disconnected
Client 343cfbe8-8cde-4713-aa7d-ef98bc66f633 disconnected
Client 22a9f6e4-a520-4c77-92e8-aced90aca28f connected
Client 0501f20f-884c-4f93-9d68-703ce1307bfa disconnected
Client 391faed9-fac6-43b2-8209-b4bb04d98d65 connected
Client 22a9f6e4-a520-4c77-92e8-aced90aca28f disconnected
Client 25d762fe-055d-4a36-a3ec-af34dc544984 connected
Client e2a50a38-8d48-4215-9aa6-afcc5e254b21 connected
Client 391faed9-fac6-43b2-8209-b4bb04d98d65 disconnected
Client 25d762fe-055d-4a36-a3ec-af34dc544984 disconnected
Client c74966fd-2d19-405d-b6c5-6e4d21187a21 connected
Client e2a50a38-8d48-4215-9aa6-afcc5e254b21 disconnected
Client 61b780e1-01c7-48a9-9555-e615cb142341 connected
Client 696dcc95-b21b-41b8-b690-17cd0794059b connected
Client 61b780e1-01c7-48a9-9555-e615cb142341 disconnected
Client 06dd802a-5f90-4e1d-ae65-55d49472e398 connected
Client 696dcc95-b21b-41b8-b690-17cd0794059b disconnected
Client 476d5e58-10b7-4132-941a-83b07ca247e4 connected
Client 06dd802a-5f90-4e1d-ae65-55d49472e398 disconnected
Client b4d1febb-b593-44ab-bb42-f3cdfa0bca51 connected
Client 476d5e58-10b7-4132-941a-83b07ca247e4 disconnected
Client 86f8a832-7872-42ae-8bff-fd65d8fcc728 connected
Client b4d1febb-b593-44ab-bb42-f3cdfa0bca51 disconnected
Client fabff1ed-5d39-429f-8e86-d34314f1c07f connected
Client 86f8a832-7872-42ae-8bff-fd65d8fcc728 disconnected
Client fabff1ed-5d39-429f-8e86-d34314f1c07f disconnected
Client 027c1a30-7c57-4871-9fac-7c89a5852a66 connected
Client b73a7b5f-e751-4228-9278-4e966c12a5f2 connected
Client 027c1a30-7c57-4871-9fac-7c89a5852a66 disconnected
Client 19a2563f-3dd3-4b9c-911f-d27f373a3c6c connected
Client 5a076472-3c81-483e-adb2-fa3e2c9529e2 connected
Client 5a076472-3c81-483e-adb2-fa3e2c9529e2 disconnected
Client 19a2563f-3dd3-4b9c-911f-d27f373a3c6c disconnected
Client ef4c8771-7d91-4043-85d7-31de5fd4dbaa connected
Client 29ea2e8d-aa48-4d6d-a964-741431a23a97 connected
Client 29ea2e8d-aa48-4d6d-a964-741431a23a97 disconnected
Client ef4c8771-7d91-4043-85d7-31de5fd4dbaa disconnected
Client e79e8329-4390-4467-b1a7-c0d7806b6303 connected
Client deeb9c0e-1205-4ca2-bd64-6c5f64b4f5bf connected
Client e79e8329-4390-4467-b1a7-c0d7806b6303 disconnected
Client deeb9c0e-1205-4ca2-bd64-6c5f64b4f5bf disconnected
Client b2489e41-1ff2-471c-947f-ea756d708df6 connected
Client fc7abca8-768b-421c-9031-dbee3b52564e connected
Client fc7abca8-768b-421c-9031-dbee3b52564e disconnected
Client 8534ac29-f546-4f28-802d-8c4096552841 connected
Client c3f02b83-809f-4f8e-a325-2d62496a6a49 connected
Client 8534ac29-f546-4f28-802d-8c4096552841 disconnected
Client 4780a011-b645-481c-b844-b3065ee5db53 connected
Client c3f02b83-809f-4f8e-a325-2d62496a6a49 disconnected
Client efe2bd0d-afa5-461b-9a67-4e5e5c362e9e connected
Client 4780a011-b645-481c-b844-b3065ee5db53 disconnected
Client 7f1b1c22-9f88-42da-ab2d-d96b34de5844 connected
Client efe2bd0d-afa5-461b-9a67-4e5e5c362e9e disconnected
Client e57512f2-5308-4af1-9fd1-19ffb37128aa connected
Client 7f1b1c22-9f88-42da-ab2d-d96b34de5844 disconnected
Client 59692170-a7f7-4e32-bf48-d747fae79706 connected
Client e57512f2-5308-4af1-9fd1-19ffb37128aa disconnected
Client 950e0572-c1f3-436b-8176-e7401be6dbb7 connected
Client 950e0572-c1f3-436b-8176-e7401be6dbb7 disconnected
Client 41c4fe86-dc0c-403e-9e0a-12c4d5a141a4 connected
Client 59692170-a7f7-4e32-bf48-d747fae79706 disconnected
Client c4e73931-22d1-4dab-b219-1b6a83af3fbb connected
Client 41c4fe86-dc0c-403e-9e0a-12c4d5a141a4 disconnected
Client c95898e2-77c2-4b76-bf1c-e0de36422562 connected
Client c4e73931-22d1-4dab-b219-1b6a83af3fbb disconnected
Client b5c14bf1-0acf-46f4-8a2c-b7424cdaf3f8 connected
Client b5c14bf1-0acf-46f4-8a2c-b7424cdaf3f8 disconnected
Client c95898e2-77c2-4b76-bf1c-e0de36422562 disconnected
Client a01650fa-4a53-4eeb-8b57-ddc355e0b3de connected
Client 2588b714-5729-4cdb-be83-f1d2d7f90748 connected
Client a01650fa-4a53-4eeb-8b57-ddc355e0b3de disconnected
Client 2588b714-5729-4cdb-be83-f1d2d7f90748 disconnected
Client 530fa9f6-f40b-478c-96b8-4ed60893fca2 connected
Client 65d47009-d09b-4591-9471-f19e2e8d4fbc connected
Client 65d47009-d09b-4591-9471-f19e2e8d4fbc disconnected
Client e7115ac7-a36d-468f-8141-a2f4b52bbf72 connected
Client 530fa9f6-f40b-478c-96b8-4ed60893fca2 disconnected
Client e4c72f3d-30f1-4168-a1fc-90145e7af6e2 connected
Client e4c72f3d-30f1-4168-a1fc-90145e7af6e2 disconnected
Client e3e47ace-747b-45e9-a64d-6f7f20b112d2 connected
Client 8c993543-525b-4200-a477-c6716129c9ae connected
Client e3e47ace-747b-45e9-a64d-6f7f20b112d2 disconnected
Client e7115ac7-a36d-468f-8141-a2f4b52bbf72 disconnected
Client dbba82ef-241e-474f-a809-fde2d51a6fc1 connected
Client 8c993543-525b-4200-a477-c6716129c9ae disconnected
Client a44d42e6-ce0a-434a-bd41-f0960c7e0933 connected
Client 1f18339d-3104-40d3-b731-907c16bc6409 connected
Client dbba82ef-241e-474f-a809-fde2d51a6fc1 disconnected
Client a44d42e6-ce0a-434a-bd41-f0960c7e0933 disconnected
Client a47619c3-38fe-43ae-ac5d-6d0acc57b1d8 connected
Client 1f18339d-3104-40d3-b731-907c16bc6409 disconnected
Client bc75a966-0399-463e-9c5a-d631b52abf72 connected
Client 954929bf-f602-4d31-863a-838e7863b1f4 connected
Client a47619c3-38fe-43ae-ac5d-6d0acc57b1d8 disconnected
Client bc75a966-0399-463e-9c5a-d631b52abf72 disconnected
Client 4f0e85bd-e56a-4c2d-b570-50cde5936698 connected
Client 4f0e85bd-e56a-4c2d-b570-50cde5936698 disconnected
Client 954929bf-f602-4d31-863a-838e7863b1f4 disconnected
Client 846a2278-6e68-40f3-9667-ebff8974e130 connected
Client be4f0b31-e310-46e3-95ad-2717dd18ccaa connected
Client 846a2278-6e68-40f3-9667-ebff8974e130 disconnected
Client c2c9cf5a-6f6f-42fa-b2fb-384474fe590b connected
Client be4f0b31-e310-46e3-95ad-2717dd18ccaa disconnected
Client 21f5ae93-6931-435b-b175-cf6a7d2c4173 connected
Client c2c9cf5a-6f6f-42fa-b2fb-384474fe590b disconnected
Client 21f5ae93-6931-435b-b175-cf6a7d2c4173 disconnected
Client 9b44654a-9f9d-43e8-88e6-dd5d30617bb0 connected
Client 9b44654a-9f9d-43e8-88e6-dd5d30617bb0 disconnected
Client b8de0eb0-978c-4258-ba29-e5e70c0895f9 connected
Client b8de0eb0-978c-4258-ba29-e5e70c0895f9 disconnected
Client 4dc78bed-419e-4883-ba8f-0431a85e2389 connected
Client 4dc78bed-419e-4883-ba8f-0431a85e2389 disconnected
Client a5260a7c-a28b-45d4-9f7f-1d48f99b5732 connected
Client c191d762-ccf0-4c3b-a950-b196fb4f1075 connected
Client a5260a7c-a28b-45d4-9f7f-1d48f99b5732 disconnected
Client b6235ed3-b43a-4f58-9348-9a2ab0a96930 connected
Client c191d762-ccf0-4c3b-a950-b196fb4f1075 disconnected
Client 96a0a332-f82a-44a5-8752-1aa8759c6234 connected
Client 96a0a332-f82a-44a5-8752-1aa8759c6234 disconnected
Client 551311d1-366c-4de4-90a6-9bf180f7eb77 connected
Client 50376dd2-2497-493f-88e5-83eaa8f0657d connected
Client b6235ed3-b43a-4f58-9348-9a2ab0a96930 disconnected
Client 551311d1-366c-4de4-90a6-9bf180f7eb77 disconnected
Client 46ae723c-180f-4775-a823-3d5a61139172 connected
Client 50376dd2-2497-493f-88e5-83eaa8f0657d disconnected
Client 56f73173-c427-4ce0-92ef-6f4ec7bdf61f connected
Client 46ae723c-180f-4775-a823-3d5a61139172 disconnected
Client 324f391e-8700-48ab-99f4-380b7553046e connected
Client 0bb514c1-1351-4d2f-a38d-4a17e29baa05 connected
Client 56f73173-c427-4ce0-92ef-6f4ec7bdf61f disconnected
Client ba0ff311-a2cd-4bb2-8c6e-5d9b446b20ff connected
Client 324f391e-8700-48ab-99f4-380b7553046e disconnected
Client 0bb514c1-1351-4d2f-a38d-4a17e29baa05 disconnected
Client c371b972-b123-4d88-9b2f-1e2ad5a499bd connected
Client ba0ff311-a2cd-4bb2-8c6e-5d9b446b20ff disconnected
Client c371b972-b123-4d88-9b2f-1e2ad5a499bd disconnected
Client 4f8d5831-8434-4e73-b529-c8f385c9cfe0 connected
Client 525947da-9ddd-471a-bf9f-0fbd7be07e98 connected
Client 525947da-9ddd-471a-bf9f-0fbd7be07e98 disconnected
Client 4fb96c40-7e4c-48a3-8389-bf56f3f51d9c connected
Client 4f8d5831-8434-4e73-b529-c8f385c9cfe0 disconnected
Client 9b5148a7-386c-4913-ae68-c0a94d9499de connected
Client 4fb96c40-7e4c-48a3-8389-bf56f3f51d9c disconnected
Client 1c4e049a-4637-4465-901a-d7d686d8c711 connected
Client 1c4e049a-4637-4465-901a-d7d686d8c711 disconnected
Client 9b5148a7-386c-4913-ae68-c0a94d9499de disconnected
Client e1d17524-9d44-4e29-b52d-c95d8964e368 connected
Client 3689606f-77be-4c9b-9531-317eb71dfbab connected
Client e1d17524-9d44-4e29-b52d-c95d8964e368 disconnected
Client 3689606f-77be-4c9b-9531-317eb71dfbab disconnected
Client 297cac37-57db-4946-aab9-3393e6f0aa03 connected
Client 00c3d5ae-3488-4b3d-8fc7-a0c18391624e connected
Client 297cac37-57db-4946-aab9-3393e6f0aa03 disconnected
Client d91126d3-30a1-4f34-9455-9404e59cd29b connected
Client 00c3d5ae-3488-4b3d-8fc7-a0c18391624e disconnected
Client 0a12672a-0deb-4b06-bcbf-9744b45a2957 connected
Client 0a12672a-0deb-4b06-bcbf-9744b45a2957 disconnected
Client 28f475f5-2ae4-48a8-b277-f130be669d96 connected
Client d91126d3-30a1-4f34-9455-9404e59cd29b disconnected
Client 50501eed-7e57-46b0-87d6-13c441dd40fd connected
Client 2877542e-68fe-4e2c-b116-02e50f83898c connected
Client 28f475f5-2ae4-48a8-b277-f130be669d96 disconnected
Client 6f3e44f9-af46-4ed5-94c5-24d69f65f8fb connected
Client 2877542e-68fe-4e2c-b116-02e50f83898c disconnected
Client e8e4db7a-5f56-4c83-a2e7-fec95f91268a connected
Client 50501eed-7e57-46b0-87d6-13c441dd40fd disconnected
Client 6f3e44f9-af46-4ed5-94c5-24d69f65f8fb disconnected
Client 634f7e4a-f3fa-45a3-b066-e0c50a03595c connected
Client 23441f87-1310-452a-8408-020677bb619c connected
Client e8e4db7a-5f56-4c83-a2e7-fec95f91268a disconnected
Client 23441f87-1310-452a-8408-020677bb619c disconnected
Client c4a9e8cd-4890-42c7-b8a2-37532551cd71 connected
Client 634f7e4a-f3fa-45a3-b066-e0c50a03595c disconnected
Client 59a051b1-44b9-4848-b79b-53c569bfc88d connected
Client f5a8cda7-74f4-4bf0-a576-bc974c9d346c connected
Client c4a9e8cd-4890-42c7-b8a2-37532551cd71 disconnected
Client b87b5dd8-d6db-4b21-b9bd-dcd1e2ec931f connected
Client 59a051b1-44b9-4848-b79b-53c569bfc88d disconnected
Client f5a8cda7-74f4-4bf0-a576-bc974c9d346c disconnected
Client c7e2b438-48cb-4bd6-868a-8010e6c85187 connected
Client b87b5dd8-d6db-4b21-b9bd-dcd1e2ec931f disconnected
Client 4d74a77f-df96-40fa-b6a7-215af4ee3751 connected
Client 4d74a77f-df96-40fa-b6a7-215af4ee3751 disconnected
Client c7e2b438-48cb-4bd6-868a-8010e6c85187 disconnected
Client 3abff0d3-7748-4f82-909e-87e509ef6f90 connected
Client 3789df95-2ce3-471e-8e2a-4510dd625a8e connected
Client 167db8d1-1265-41ad-b722-ae16ce49d4b6 connected
Client 3abff0d3-7748-4f82-909e-87e509ef6f90 disconnected
Client a37e3b15-6b79-486e-9495-820f9aa1abcb connected
Client 3789df95-2ce3-471e-8e2a-4510dd625a8e disconnected
Client 167db8d1-1265-41ad-b722-ae16ce49d4b6 disconnected
Client 3606abbd-43d9-41d7-8bf8-80a2b153a391 connected
Client 3606abbd-43d9-41d7-8bf8-80a2b153a391 disconnected
Client a37e3b15-6b79-486e-9495-820f9aa1abcb disconnected
Client a410d12a-d8cd-451f-b3ac-8a51a73c1eb8 connected
Client ff4b0bfe-da8e-43d6-9d44-702a12961f8a connected
Client a410d12a-d8cd-451f-b3ac-8a51a73c1eb8 disconnected
Client 08cac8a9-2347-439c-ba22-2006582d0509 connected
Client 08cac8a9-2347-439c-ba22-2006582d0509 disconnected
Client c2e0a32a-9429-4d89-8031-5544b690f423 connected
Client ff4b0bfe-da8e-43d6-9d44-702a12961f8a disconnected
Client 5ae288ac-8026-4b71-b593-4621bf9acca4 connected
Client 4c4ad89c-99f6-4965-9dff-66ca2bd985ad connected
Client c2e0a32a-9429-4d89-8031-5544b690f423 disconnected
Client 5ae288ac-8026-4b71-b593-4621bf9acca4 disconnected
Client b1d953a3-6ce2-4e71-a76b-147ce8693653 connected
Client 2644d7ad-b009-4ce9-b110-1f0310fb3f6f connected
Client 4c4ad89c-99f6-4965-9dff-66ca2bd985ad disconnected
Client b1d953a3-6ce2-4e71-a76b-147ce8693653 disconnected
Client 94ef39bd-393d-477b-8477-66161a6970a1 connected
Client 2644d7ad-b009-4ce9-b110-1f0310fb3f6f disconnected
Client 336e2f55-ab0e-4b7a-9093-056e3aa084f5 connected
Client cb3711a4-fc89-4a30-a265-275dc494f304 connected
Client 336e2f55-ab0e-4b7a-9093-056e3aa084f5 disconnected
Client 6253a8c6-c6cb-4bc4-8d82-85309f29e70a connected
Client 8e1d111a-2f05-4352-8049-ef3051d91ee7 connected
Client cb3711a4-fc89-4a30-a265-275dc494f304 disconnected
Client 6253a8c6-c6cb-4bc4-8d82-85309f29e70a disconnected
Client 8e1d111a-2f05-4352-8049-ef3051d91ee7 disconnected
Client b8866b6b-00b8-42c3-82de-60fe32f7a57c connected
Client fbc1ae37-c62a-4574-b079-ceb99e66776b connected
Client 9857c272-9daf-48aa-8166-104898f5a797 connected
Client fbc1ae37-c62a-4574-b079-ceb99e66776b disconnected
Client b8866b6b-00b8-42c3-82de-60fe32f7a57c disconnected
Client 8f821608-7426-49d7-8a15-f08cda8e6870 connected
Client f5935f2a-6063-40a8-a018-bbfa0776200b connected
Client 9857c272-9daf-48aa-8166-104898f5a797 disconnected
Client 8f821608-7426-49d7-8a15-f08cda8e6870 disconnected
Client f357eed2-999a-426c-bcb1-25b89f79445d connected
Client f5935f2a-6063-40a8-a018-bbfa0776200b disconnected
Client e2bd3daf-00bb-4c14-875d-61774fe5530c connected
Client 8b57a718-f0e3-4b04-a4b0-155d64bead80 connected
Client e2bd3daf-00bb-4c14-875d-61774fe5530c disconnected
Client f357eed2-999a-426c-bcb1-25b89f79445d disconnected
Client 35403df4-71d1-4f69-900a-44d348be4685 connected
Client 8b57a718-f0e3-4b04-a4b0-155d64bead80 disconnected
Client 35403df4-71d1-4f69-900a-44d348be4685 disconnected
Client 81ea7c04-dc6e-453f-8d1f-c5ff785064fd connected
Client d5a2fea4-e492-41a9-93f4-fb9cbd0d9f68 connected
Client 81ea7c04-dc6e-453f-8d1f-c5ff785064fd disconnected
Client 5aebf4f6-5140-4aed-9d49-9597b1fbd82a connected
Client 4336151e-7bf7-4c5c-9ccc-a27ce7f27145 connected
Client d5a2fea4-e492-41a9-93f4-fb9cbd0d9f68 disconnected
Client 5aebf4f6-5140-4aed-9d49-9597b1fbd82a disconnected
Client 4336151e-7bf7-4c5c-9ccc-a27ce7f27145 disconnected
Client eec245db-2a1b-4bea-8da9-b354742dbb30 connected
Client 0c27f038-8af2-4d14-bc81-66a7cb36f03d connected
Client eec245db-2a1b-4bea-8da9-b354742dbb30 disconnected
Client 498a433d-1f80-4762-87bc-ca71da8cd511 connected
Client 498a433d-1f80-4762-87bc-ca71da8cd511 disconnected
Client cb9bc97e-6ad4-41f7-aee1-cec284b64cb2 connected
Client 0c27f038-8af2-4d14-bc81-66a7cb36f03d disconnected
Client e111543c-b282-4213-9bee-12d4c028c1ae connected
Client cb9bc97e-6ad4-41f7-aee1-cec284b64cb2 disconnected
Client e9012b31-b9e5-4974-9418-567716224f9f connected
Client e633a5ba-d361-4c63-84e7-7d710d92e7ac connected
Client e111543c-b282-4213-9bee-12d4c028c1ae disconnected
Client e633a5ba-d361-4c63-84e7-7d710d92e7ac disconnected
Client c6355e15-41cb-4822-a6ce-4d843e8d981a connected
Client e9012b31-b9e5-4974-9418-567716224f9f disconnected
Client f16b21cf-d08d-48a7-ad25-faa0d0e78759 connected
Client c6355e15-41cb-4822-a6ce-4d843e8d981a disconnected
Client f16b21cf-d08d-48a7-ad25-faa0d0e78759 disconnected
Client 7c12c27c-4293-4efc-b8fb-3d856dab14d7 connected
Client 67234f91-bf0b-4b45-89f1-3f7e9a4f4ffe connected
Client c01bd737-8f74-423f-b074-3201f33d3e5a connected
Client 7c12c27c-4293-4efc-b8fb-3d856dab14d7 disconnected
Client 67234f91-bf0b-4b45-89f1-3f7e9a4f4ffe disconnected
Client 205640d0-b050-4d46-83d7-aa5b5a35f21e connected
Client 205640d0-b050-4d46-83d7-aa5b5a35f21e disconnected
Client 39f8c674-4a47-4359-a57a-6d92001bdc34 connected
Client c0c3a374-8ae7-4505-a7e1-ce6a3f56b2d5 connected
Client c0c3a374-8ae7-4505-a7e1-ce6a3f56b2d5 disconnected
Client 5fb0231f-ff38-44c9-8bbf-da6ce88946d0 connected
Client 4b3aeee6-16e0-4b3e-ba8d-b072ece96120 connected
Client 39f8c674-4a47-4359-a57a-6d92001bdc34 disconnected
Client 5fb0231f-ff38-44c9-8bbf-da6ce88946d0 disconnected
Client 4b3aeee6-16e0-4b3e-ba8d-b072ece96120 disconnected
Client cad5784b-ef69-4e75-b215-0500325bd93a connected
Client 01c6f3f2-c7c8-40dd-a525-19710ae398a2 connected
Client b4bac663-e570-4e3b-bbc7-c89903a7c9dd connected
Client cad5784b-ef69-4e75-b215-0500325bd93a disconnected
Client 01c6f3f2-c7c8-40dd-a525-19710ae398a2 disconnected
Client 95c47af6-b038-440e-9901-7171c5c5b05e connected
Client b4bac663-e570-4e3b-bbc7-c89903a7c9dd disconnected
Client 392a7246-f9d7-4f32-bd09-41d817e5b7a8 connected
Client 392a7246-f9d7-4f32-bd09-41d817e5b7a8 disconnected
Client f3f4e786-a2da-4861-87dd-0b05c22f3fd6 connected
Client 95c47af6-b038-440e-9901-7171c5c5b05e disconnected
Client 06fe4e29-dd65-4cf4-ae1e-5b955356c021 connected
Client f3f4e786-a2da-4861-87dd-0b05c22f3fd6 disconnected
Client 357cfde9-700f-4fe6-ac2e-607b62e65e8e connected
Client 06fe4e29-dd65-4cf4-ae1e-5b955356c021 disconnected
Client a05d20d8-d9f0-4a7a-bdc8-98340050421a connected
Client 357cfde9-700f-4fe6-ac2e-607b62e65e8e disconnected
Client 0bc6be56-e720-4cb5-94d3-d0dd0eecd9a7 connected
Client 0bc6be56-e720-4cb5-94d3-d0dd0eecd9a7 disconnected
Client ea2e7e2c-2d55-45ea-9815-c7ea74d0ac57 connected
Client a05d20d8-d9f0-4a7a-bdc8-98340050421a disconnected
Client 93ef0828-f0ab-4f11-bed7-13515f3a86fd connected
Client ea2e7e2c-2d55-45ea-9815-c7ea74d0ac57 disconnected
Client d3ce0142-8695-4f6c-8a21-a7e20bafe7be connected
Client cf19f47e-29cd-4c4f-8b41-d2373928f21e connected
Client 93ef0828-f0ab-4f11-bed7-13515f3a86fd disconnected
Client d3ce0142-8695-4f6c-8a21-a7e20bafe7be disconnected
Client 14ce19e7-26b4-4e55-9ef3-ca6366d44486 connected
Client cf19f47e-29cd-4c4f-8b41-d2373928f21e disconnected
Client f2ea9740-2913-4677-8171-071041f56c49 connected
Client 14ce19e7-26b4-4e55-9ef3-ca6366d44486 disconnected
Client 1d1a2578-3926-48be-b2c8-ecd0e19f7a91 connected
Client f2ea9740-2913-4677-8171-071041f56c49 disconnected
Client 6001943c-bca6-416b-b447-038a2c9e0ffe connected
Client 1d1a2578-3926-48be-b2c8-ecd0e19f7a91 disconnected
Client 443e0ca9-64ce-4b0c-ac2e-4142a0b518a6 connected
Client 443e0ca9-64ce-4b0c-ac2e-4142a0b518a6 disconnected
Client 41090740-4b7e-49f4-b482-dfb8e3e4fd0c connected
Client 7580adbe-7184-4621-83d3-6e316159a2a0 connected
Client 6001943c-bca6-416b-b447-038a2c9e0ffe disconnected
Client 7580adbe-7184-4621-83d3-6e316159a2a0 disconnected
Client b2110869-9748-459b-8b19-157cb41df8ee connected
Client 702868df-24f5-4dbd-b3e4-7f2fb63bbd38 connected
Client 41090740-4b7e-49f4-b482-dfb8e3e4fd0c disconnected
Client b2110869-9748-459b-8b19-157cb41df8ee disconnected
Client 702868df-24f5-4dbd-b3e4-7f2fb63bbd38 disconnected
Client f45be82c-f87e-445c-acf3-6a35b019c953 connected
Client 4f691704-a5b8-4960-ae75-e1ad70864b38 connected
Client 6adacf83-1627-49f3-9314-e858db09d510 disconnected
Client 94ef39bd-393d-477b-8477-66161a6970a1 disconnected
Client 4f691704-a5b8-4960-ae75-e1ad70864b38 disconnected
Client c594b0e5-7a4c-4f0a-bb79-48d1c7a12650 disconnected
Client f45be82c-f87e-445c-acf3-6a35b019c953 disconnected
Client b73a7b5f-e751-4228-9278-4e966c12a5f2 disconnected
Client c92623b5-1811-4b84-a689-a03796837c64 disconnected
Client cf6d272c-fb97-4b1a-b64d-daf875b00d6e disconnected
Client c12202ab-5ca0-4792-a31c-78e92ef8e369 disconnected
Client a9f5f3d7-8877-478f-994f-b75dd300d0be disconnected
Client c01bd737-8f74-423f-b074-3201f33d3e5a disconnected
Client c74966fd-2d19-405d-b6c5-6e4d21187a21 disconnected
Client b2489e41-1ff2-471c-947f-ea756d708df6 disconnected
Client f3d913c9-57cf-4cd1-962d-bd6024d88853 disconnected
Client bb80c714-ee3f-4365-b441-6007f64cd2a0 disconnected
Client e7856ae1-09c6-4a73-88e4-3431366f1e7a disconnected
